0 info it worked if it ends with ok
1 verbose cli [ '/root/.nvm/versions/node/v4.4.3/bin/node',
1 verbose cli   '/root/.nvm/versions/node/v4.4.3/bin/npm',
1 verbose cli   'install' ]
2 info using npm@2.15.1
3 info using node@v4.4.3
4 verbose readDependencies loading dependencies from /var/www/html/grasp.how/package.json
5 error install Couldn't read dependencies
6 verbose stack Error: ENOENT: no such file or directory, open '/var/www/html/grasp.how/package.json'
6 verbose stack     at Error (native)
7 verbose cwd /var/www/html/grasp.how
8 error Linux 3.13.0-43-generic
9 error argv "/root/.nvm/versions/node/v4.4.3/bin/node" "/root/.nvm/versions/node/v4.4.3/bin/npm" "install"
10 error node v4.4.3
11 error npm  v2.15.1
12 error path /var/www/html/grasp.how/package.json
13 error code ENOPACKAGEJSON
14 error errno -2
15 error syscall open
16 error package.json ENOENT: no such file or directory, open '/var/www/html/grasp.how/package.json'
16 error package.json This is most likely not a problem with npm itself.
16 error package.json npm can't find a package.json file in your current directory.
17 verbose exit [ -2, true ]
